<?xml version="1.0" encoding="UTF-8"?>
<!-- Generated by org.testng.reporters.JUnitXMLReporter -->
<testsuite hostname="DESKTOP-TBQOJQQ" ignored="2" name="Run Specific Group" tests="7" failures="0" timestamp="30 Mar 2019 05:15:35 GMT" time="0.154" errors="0">
  <testcase name="TC1" time="0.031" classname="module6.Grouping"/>
  <testcase name="TC2" time="0.015" classname="module6.Grouping"/>
  <testcase name="TC3" time="0.002" classname="module6.Grouping"/>
  <testcase name="TC4" time="0.001" classname="module6.Grouping"/>
  <testcase name="TC6" time="0.002" classname="module6.Grouping"/>
  <testcase name="TC7" time="0.003" classname="module6.Grouping"/>
  <testcase name="TC9" time="0.004" classname="module6.Grouping"/>
  <testcase name="TC5" time="0.0" classname="module6.Grouping">
    <ignored/>
  </testcase> <!-- TC5 -->
  <testcase name="TC8" time="0.0" classname="module6.Grouping">
    <ignored/>
  </testcase> <!-- TC8 -->
</testsuite> <!-- Run Specific Group -->
