<?xml version="1.0" encoding="UTF-8"?>
<!-- Generated by org.testng.reporters.JUnitXMLReporter -->
<testsuite hostname="DESKTOP-TBQOJQQ" ignored="0" name="Firefox" tests="1" failures="1" timestamp="31 Mar 2019 03:24:07 GMT" time="61.718" errors="0">
  <testcase name="@AfterTest closeBrowser" time="0.0" classname="module6.Scenario3">
    <failure type="java.lang.NullPointerException">
      <![CDATA[java.lang.NullPointerException
at module6.Scenario3.closeBrowser(Scenario3.java:51)
... Removed 24 stack frames]]>
    </failure>
  </testcase> <!-- @AfterTest closeBrowser -->
  <testcase name="login_TestCase" time="0.006" classname="module6.Scenario3">
    <failure type="java.lang.NullPointerException">
      <![CDATA[java.lang.NullPointerException
at module6.Scenario3.login_TestCase(Scenario3.java:45)
... Removed 25 stack frames]]>
    </failure>
  </testcase> <!-- login_TestCase -->
</testsuite> <!-- Firefox -->
