<?xml version="1.0" encoding="UTF-8"?>
<!-- Generated by org.testng.reporters.JUnitXMLReporter -->
<testsuite hostname="DESKTOP-TBQOJQQ" ignored="0" name="LoginTest" tests="3" failures="0" timestamp="30 Mar 2019 05:23:09 GMT" time="14.984" errors="0">
  <testcase name="TestLogin" time="8.251" classname="module6.NewTest"/>
  <testcase name="Test1" time="0.004" classname="module6.Annotations"/>
  <testcase name="Test2" time="0.002" classname="module6.Annotations"/>
</testsuite> <!-- LoginTest -->
