<?xml version="1.0" encoding="UTF-8"?>
<testng-results skipped="0" failed="0" ignored="0" total="10" passed="10">
  <reporter-output>
  </reporter-output>
  <suite name="Default suite" duration-ms="56800" started-at="2019-04-07T03:27:08Z" finished-at="2019-04-07T03:28:05Z">
    <groups>
    </groups>
    <test name="Default test" duration-ms="56800" started-at="2019-04-07T03:27:08Z" finished-at="2019-04-07T03:28:05Z">
      <class name="module9.DDT">
        <test-method status="PASS" signature="OpenBrowser()[pri:0, instance:module9.DDT@68c4039c]" name="OpenBrowser" is-config="true" duration-ms="14450" started-at="2019-04-07T08:56:54Z" finished-at="2019-04-07T08:57:08Z">
          <reporter-output>
          </reporter-output>
        </test-method> <!-- OpenBrowser -->
        <test-method status="PASS" signature="FormFill(java.lang.String, java.lang.String, java.lang.String)[pri:0, instance:module9.DDT@68c4039c]" name="FormFill" duration-ms="5983" started-at="2019-04-07T08:57:09Z" data-provider="TD" finished-at="2019-04-07T08:57:15Z">
          <params>
            <param index="0">
              <value>
                <![CDATA[Amit]]>
              </value>
            </param>
            <param index="1">
              <value>
                <![CDATA[Jain]]>
              </value>
            </param>
            <param index="2">
              <value>
                <![CDATA[Gujrat]]>
              </value>
            </param>
          </params>
          <reporter-output>
          </reporter-output>
        </test-method> <!-- FormFill -->
        <test-method status="PASS" signature="FormFill(java.lang.String, java.lang.String, java.lang.String)[pri:0, instance:module9.DDT@68c4039c]" name="FormFill" duration-ms="5854" started-at="2019-04-07T08:57:15Z" data-provider="TD" finished-at="2019-04-07T08:57:21Z">
          <params>
            <param index="0">
              <value>
                <![CDATA[Sam]]>
              </value>
            </param>
            <param index="1">
              <value>
                <![CDATA[Joseph]]>
              </value>
            </param>
            <param index="2">
              <value>
                <![CDATA[Goa]]>
              </value>
            </param>
          </params>
          <reporter-output>
          </reporter-output>
        </test-method> <!-- FormFill -->
        <test-method status="PASS" signature="FormFill(java.lang.String, java.lang.String, java.lang.String)[pri:0, instance:module9.DDT@68c4039c]" name="FormFill" duration-ms="5678" started-at="2019-04-07T08:57:21Z" data-provider="TD" finished-at="2019-04-07T08:57:26Z">
          <params>
            <param index="0">
              <value>
                <![CDATA[Sumit]]>
              </value>
            </param>
            <param index="1">
              <value>
                <![CDATA[Pandey]]>
              </value>
            </param>
            <param index="2">
              <value>
                <![CDATA[Delhi]]>
              </value>
            </param>
          </params>
          <reporter-output>
          </reporter-output>
        </test-method> <!-- FormFill -->
        <test-method status="PASS" signature="FormFill(java.lang.String, java.lang.String, java.lang.String)[pri:0, instance:module9.DDT@68c4039c]" name="FormFill" duration-ms="5576" started-at="2019-04-07T08:57:26Z" data-provider="TD" finished-at="2019-04-07T08:57:32Z">
          <params>
            <param index="0">
              <value>
                <![CDATA[James]]>
              </value>
            </param>
            <param index="1">
              <value>
                <![CDATA[Desuza]]>
              </value>
            </param>
            <param index="2">
              <value>
                <![CDATA[Mumbai]]>
              </value>
            </param>
          </params>
          <reporter-output>
          </reporter-output>
        </test-method> <!-- FormFill -->
        <test-method status="PASS" signature="FormFill(java.lang.String, java.lang.String, java.lang.String)[pri:0, instance:module9.DDT@68c4039c]" name="FormFill" duration-ms="5503" started-at="2019-04-07T08:57:32Z" data-provider="TD" finished-at="2019-04-07T08:57:37Z">
          <params>
            <param index="0">
              <value>
                <![CDATA[Rohit]]>
              </value>
            </param>
            <param index="1">
              <value>
                <![CDATA[Joshi]]>
              </value>
            </param>
            <param index="2">
              <value>
                <![CDATA[Pune]]>
              </value>
            </param>
          </params>
          <reporter-output>
          </reporter-output>
        </test-method> <!-- FormFill -->
        <test-method status="PASS" signature="FormFill(java.lang.String, java.lang.String, java.lang.String)[pri:0, instance:module9.DDT@68c4039c]" name="FormFill" duration-ms="5543" started-at="2019-04-07T08:57:37Z" data-provider="TD" finished-at="2019-04-07T08:57:43Z">
          <params>
            <param index="0">
              <value>
                <![CDATA[Jain]]>
              </value>
            </param>
            <param index="1">
              <value>
                <![CDATA[Amit]]>
              </value>
            </param>
            <param index="2">
              <value>
                <![CDATA[Gujrat]]>
              </value>
            </param>
          </params>
          <reporter-output>
          </reporter-output>
        </test-method> <!-- FormFill -->
        <test-method status="PASS" signature="FormFill(java.lang.String, java.lang.String, java.lang.String)[pri:0, instance:module9.DDT@68c4039c]" name="FormFill" duration-ms="5518" started-at="2019-04-07T08:57:43Z" data-provider="TD" finished-at="2019-04-07T08:57:48Z">
          <params>
            <param index="0">
              <value>
                <![CDATA[Joseph]]>
              </value>
            </param>
            <param index="1">
              <value>
                <![CDATA[Sam]]>
              </value>
            </param>
            <param index="2">
              <value>
                <![CDATA[Goa]]>
              </value>
            </param>
          </params>
          <reporter-output>
          </reporter-output>
        </test-method> <!-- FormFill -->
        <test-method status="PASS" signature="FormFill(java.lang.String, java.lang.String, java.lang.String)[pri:0, instance:module9.DDT@68c4039c]" name="FormFill" duration-ms="5550" started-at="2019-04-07T08:57:48Z" data-provider="TD" finished-at="2019-04-07T08:57:54Z">
          <params>
            <param index="0">
              <value>
                <![CDATA[Pandey]]>
              </value>
            </param>
            <param index="1">
              <value>
                <![CDATA[Sumit]]>
              </value>
            </param>
            <param index="2">
              <value>
                <![CDATA[Delhi]]>
              </value>
            </param>
          </params>
          <reporter-output>
          </reporter-output>
        </test-method> <!-- FormFill -->
        <test-method status="PASS" signature="FormFill(java.lang.String, java.lang.String, java.lang.String)[pri:0, instance:module9.DDT@68c4039c]" name="FormFill" duration-ms="5646" started-at="2019-04-07T08:57:54Z" data-provider="TD" finished-at="2019-04-07T08:58:00Z">
          <params>
            <param index="0">
              <value>
                <![CDATA[Desuza]]>
              </value>
            </param>
            <param index="1">
              <value>
                <![CDATA[James]]>
              </value>
            </param>
            <param index="2">
              <value>
                <![CDATA[Mumbai]]>
              </value>
            </param>
          </params>
          <reporter-output>
          </reporter-output>
        </test-method> <!-- FormFill -->
        <test-method status="PASS" signature="FormFill(java.lang.String, java.lang.String, java.lang.String)[pri:0, instance:module9.DDT@68c4039c]" name="FormFill" duration-ms="5535" started-at="2019-04-07T08:58:00Z" data-provider="TD" finished-at="2019-04-07T08:58:05Z">
          <params>
            <param index="0">
              <value>
                <![CDATA[Joshi]]>
              </value>
            </param>
            <param index="1">
              <value>
                <![CDATA[Rohit]]>
              </value>
            </param>
            <param index="2">
              <value>
                <![CDATA[Pune]]>
              </value>
            </param>
          </params>
          <reporter-output>
          </reporter-output>
        </test-method> <!-- FormFill -->
        <test-method status="PASS" signature="Closebrowser()[pri:0, instance:module9.DDT@68c4039c]" name="Closebrowser" is-config="true" duration-ms="1886" started-at="2019-04-07T08:58:05Z" finished-at="2019-04-07T08:58:07Z">
          <reporter-output>
          </reporter-output>
        </test-method> <!-- Closebrowser -->
      </class> <!-- module9.DDT -->
    </test> <!-- Default test -->
  </suite> <!-- Default suite -->
</testng-results>
